Key pressed: k
Special key pressed: Key.backspace
Special key pressed: Key.backspace
Special key pressed: Key.backspace
Special key pressed: Key.backspace
Key pressed: r
Key pressed: e
Key pressed: c
Key pressed: o
Key pressed: r
Key pressed: d
Special key pressed: Key.space
Key pressed: a
Key pressed: n
Key pressed: d
Special key pressed: Key.space
Special key pressed: Key.right
Special key pressed: Key.left
Key pressed: s
Key pressed: e
Special key pressed: Key.tab
Special key pressed: Key.ctrl_l
Key pressed: 
Special key pressed: Key.backspace
Key pressed: l
Key pressed: o
Key pressed: g
Special key pressed: Key.space
Key pressed: )
Special key pressed: Key.backspace
Key pressed: =
Special key pressed: Key.space
Key pressed: ²
[Thursday 2025-01-09 19:45:22] Key pressed: g
[Thursday 2025-01-09 19:45:35] Special key pressed: Key.ctrl_l
[Thursday 2025-01-09 19:45:35] Key pressed: 
[Thursday 2025-01-09 19:45:37] Key pressed: r
[Thursday 2025-01-09 19:45:38] Key pressed: e
[Thursday 2025-01-09 19:45:38] Key pressed: c
[Thursday 2025-01-09 19:45:39] Key pressed: e
[Thursday 2025-01-09 19:45:51] Special key pressed: Key.esc
